<?xml version="1.0" encoding="UTF-8"?>
<testsuite xmlns:xsi="http://www.w3.org/2001/XMLSchema-instance" xsi:noNamespaceSchemaLocation="https://maven.apache.org/surefire/maven-surefire-plugin/xsd/surefire-test-report-3.0.xsd" version="3.0" name="com.exemplo.calculadora.CalculadoraTest" time="0.041" tests="7" errors="0" skipped="0" failures="0">
  <properties>
[...]
</properties>
  <testcase name="testDivisaoPorZero" classname="com.exemplo.calculadora.CalculadoraTest" time="0.018"/>
  <testcase name="testPotenciaAoQuadrado" classname="com.exemplo.calculadora.CalculadoraTest" time="0.001"/>
  <testcase name="testRestoDivisao" classname="com.exemplo.calculadora.CalculadoraTest" time="0.001"/>
  <testcase name="testAdicao" classname="com.exemplo.calculadora.CalculadoraTest" time="0.001"/>
  <testcase name="testSubtracao" classname="com.exemplo.calculadora.CalculadoraTest" time="0.001"/>
  <testcase name="testDivisao" classname="com.exemplo.calculadora.CalculadoraTest" time="0.001"/>
  <testcase name="testMultiplicacao" classname="com.exemplo.calculadora.CalculadoraTest" time="0.001"/>
</testsuite>